<?xml version="1.0" encoding="UTF-8"?>
<testng-results ignored="0" total="1" passed="1" failed="0" skipped="0">
  <reporter-output>
  </reporter-output>
  <suite started-at="2022-11-24T15:44:43 IST" name="Default suite" finished-at="2022-11-24T15:44:53 IST" duration-ms="10539">
    <groups>
    </groups>
    <test started-at="2022-11-24T15:44:43 IST" name="Default test" finished-at="2022-11-24T15:44:53 IST" duration-ms="10539">
      <class name="day5.Task2">
        <test-method signature="test()[pri:0, instance:day5.Task2@5fbdfdcf]" started-at="2022-11-24T15:44:43 IST" name="test" finished-at="2022-11-24T15:44:53 IST" duration-ms="10493" status="PASS">
          <reporter-output>
          </reporter-output>
        </test-method> <!-- test -->
      </class> <!-- day5.Task2 -->
    </test> <!-- Default test -->
  </suite> <!-- Default suite -->
</testng-results>
